<?xml version="1.0" encoding="UTF-8"?>
<!-- Generated by org.testng.reporters.JUnitReportReporter -->
<testsuite hostname="LAPTOP-MP41922O" failures="0" tests="1" name="com.SauceDemo.TestClass.TC01_LoginFunctionality" time="7.187" errors="0" timestamp="2022-04-13T19:25:52 IST" skipped="0">
  <testcase classname="com.SauceDemo.TestClass.TC01_LoginFunctionality" name="verifylogin" time="7.187"/>
  <system-out/>
</testsuite> <!-- com.SauceDemo.TestClass.TC01_LoginFunctionality -->
